TN:
SF:src/compareData.js
FN:3,compareData
FN:4,getChildren
FNF:2
FNH:2
FNDA:10,compareData
FNDA:15,getChildren
DA:1,1
DA:2,1
DA:3,1
DA:4,10
DA:5,10
DA:6,10
DA:7,10
DA:8,10
DA:9,10
DA:10,10
DA:11,20
DA:12,20
DA:13,20
DA:14,20
DA:15,20
DA:16,20
DA:17,20
DA:18,0
DA:19,0
DA:20,0
DA:21,0
DA:22,0
DA:23,20
DA:24,0
DA:25,0
DA:26,0
DA:27,0
DA:28,0
DA:29,0
DA:30,20
DA:31,0
DA:32,0
DA:33,0
DA:34,0
DA:35,0
DA:36,0
DA:37,20
DA:38,0
DA:39,0
DA:40,0
DA:41,0
DA:42,0
DA:43,20
DA:44,0
DA:45,0
DA:46,0
DA:47,0
DA:48,0
DA:49,20
DA:50,8
DA:51,4
DA:52,4
DA:53,4
DA:54,4
DA:55,4
DA:56,4
DA:57,4
DA:58,4
DA:59,4
DA:60,4
DA:61,4
DA:62,4
DA:63,20
DA:64,8
DA:65,8
DA:66,8
DA:67,8
DA:68,8
DA:69,8
DA:70,4
DA:71,4
DA:72,4
DA:73,4
DA:74,4
DA:75,10
DA:76,10
DA:77,1
LF:77
LH:50
BRDA:3,0,0,10
BRDA:4,1,0,15
BRDA:8,2,0,28
BRDA:10,3,0,20
BRDA:15,4,0,0
BRDA:15,5,0,0
BRDA:16,6,0,0
BRDA:16,7,0,0
BRDA:17,8,0,16
BRDA:17,9,0,8
BRDA:17,10,0,0
BRDA:17,11,0,0
BRDA:23,12,0,16
BRDA:23,13,0,8
BRDA:23,14,0,0
BRDA:23,15,0,0
BRDA:30,16,0,16
BRDA:30,17,0,8
BRDA:30,18,0,8
BRDA:30,19,0,0
BRDA:37,20,0,16
BRDA:37,21,0,8
BRDA:37,22,0,0
BRDA:43,23,0,4
BRDA:43,24,0,4
BRDA:43,25,0,0
BRDA:49,26,0,16
BRDA:49,27,0,8
BRDA:50,28,0,4
BRDA:63,29,0,12
BRDA:63,30,0,8
BRDA:63,31,0,8
BRDA:69,32,0,4
BRF:33
BRH:22
end_of_record
TN:
SF:src/index.js
FN:7,getPath
FN:9,genDiff
FNF:2
FNH:2
FNDA:20,getPath
FNDA:10,genDiff
DA:1,1
DA:2,1
DA:3,1
DA:4,1
DA:5,1
DA:6,1
DA:7,1
DA:8,1
DA:9,1
DA:10,10
DA:11,10
DA:12,10
DA:13,10
DA:14,10
DA:15,10
DA:16,10
DA:17,10
DA:18,10
DA:19,10
DA:20,10
DA:21,10
DA:22,1
DA:23,1
LF:23
LH:23
BRDA:7,0,0,20
BRDA:9,1,0,10
BRF:2
BRH:2
end_of_record
TN:
SF:src/parser.js
FN:3,parser
FNF:1
FNH:1
FNDA:20,parser
DA:1,1
DA:2,1
DA:3,1
DA:4,20
DA:5,20
DA:6,20
DA:7,10
DA:8,20
DA:9,20
DA:10,10
DA:11,20
DA:12,20
DA:13,1
DA:14,1
LF:14
LH:14
BRDA:3,0,0,20
BRDA:5,1,0,10
BRDA:6,2,0,10
BRDA:8,3,0,10
BRDA:9,4,0,10
BRF:5
BRH:5
end_of_record
TN:
SF:src/formatters/index.js
FN:4,getFormat
FNF:1
FNH:1
FNDA:4,getFormat
DA:1,1
DA:2,1
DA:3,1
DA:4,1
DA:5,4
DA:6,4
DA:7,2
DA:8,4
DA:9,1
DA:10,4
DA:11,1
DA:12,4
DA:13,0
DA:14,4
DA:15,4
DA:16,1
DA:17,1
LF:17
LH:16
BRDA:4,0,0,4
BRDA:6,1,0,2
BRDA:8,2,0,1
BRDA:10,3,0,1
BRDA:12,4,0,0
BRF:5
BRH:4
end_of_record
TN:
SF:src/formatters/plain.js
FN:1,addChild
FN:11,plain
FNF:2
FNH:2
FNDA:3,addChild
FNDA:1,plain
DA:1,1
DA:2,3
DA:3,0
DA:4,0
DA:5,3
DA:6,0
DA:7,0
DA:8,3
DA:9,3
DA:10,1
DA:11,1
DA:12,1
DA:13,1
DA:14,5
DA:15,5
DA:16,5
DA:17,0
DA:18,0
DA:19,5
DA:20,2
DA:21,2
DA:22,5
DA:23,1
DA:24,1
DA:25,5
DA:26,1
DA:27,1
DA:28,1
DA:29,1
DA:30,1
DA:31,1
DA:32,1
DA:33,1
DA:34,1
LF:34
LH:28
BRDA:1,0,0,3
BRDA:2,1,0,0
BRDA:2,2,0,0
BRDA:2,3,0,0
BRDA:5,4,0,0
BRDA:11,5,0,1
BRDA:13,6,0,5
BRDA:16,7,0,0
BRDA:19,8,0,2
BRDA:21,9,0,3
BRDA:22,10,0,1
BRDA:24,11,0,2
BRDA:25,12,0,1
BRDA:31,13,0,5
BRF:14
BRH:9
end_of_record
TN:
SF:src/formatters/stylish.js
FN:1,getIndent
FN:2,makeString
FN:14,goodView
FN:15,iter
FNF:4
FNH:4
FNDA:12,getIndent
FNDA:12,makeString
FNDA:2,goodView
FNDA:2,iter
DA:1,1
DA:2,1
DA:3,12
DA:4,12
DA:5,12
DA:6,0
DA:7,0
DA:8,0
DA:9,0
DA:10,0
DA:11,0
DA:12,0
DA:13,1
DA:14,1
DA:15,2
DA:16,2
DA:17,10
DA:18,0
DA:19,0
DA:20,10
DA:21,2
DA:22,2
DA:23,10
DA:24,4
DA:25,4
DA:26,10
DA:27,2
DA:28,2
DA:29,2
DA:30,2
DA:31,2
DA:32,2
DA:33,2
DA:34,2
DA:35,2
DA:36,1
LF:36
LH:27
BRDA:1,0,0,12
BRDA:2,1,0,12
BRDA:3,2,0,0
BRDA:3,3,0,0
BRDA:5,4,0,0
BRDA:14,5,0,2
BRDA:15,6,0,2
BRDA:16,7,0,10
BRDA:17,8,0,0
BRDA:20,9,0,2
BRDA:22,10,0,8
BRDA:23,11,0,4
BRDA:26,12,0,2
BRF:13
BRH:9
end_of_record
